<?xml version="1.0" encoding="UTF-8"?>
<!-- Generated by org.testng.reporters.JUnitXMLReporter -->
<testsuite hostname="Madhi" ignored="0" name="Surefire test" tests="2" failures="0" timestamp="03 Nov 2021 12:41:59 GMT" time="39.526" errors="0">
  <testcase name="validateWomenCategoryPageTitleTest" time="1.103" classname="com.ecommerce.qa.testcases.WomenCategoryPageTest"/>
  <testcase name="loginPageTitleTest" time="0.014" classname="com.ecommerce.qa.testcases.LoginPageTest"/>
</testsuite> <!-- Surefire test -->
