<?xml version="1.0" encoding="UTF-8"?>
<!-- Generated by org.testng.reporters.JUnitXMLReporter -->
<testsuite hostname="Madhi" ignored="0" name="Surefire test" tests="13" failures="0" timestamp="2021-11-10T22:14:00 IST" time="293.305" errors="0">
  <testcase name="homePageTitleTest" time="0.015" classname="com.ecommerce.qa.testcases.HomePageTest"/>
  <testcase name="LogoImageTest" time="0.112" classname="com.ecommerce.qa.testcases.HomePageTest"/>
  <testcase name="loginPageTitleTest" time="0.011" classname="com.ecommerce.qa.testcases.LoginPageTest"/>
  <testcase name="LogoImageTest" time="0.078" classname="com.ecommerce.qa.testcases.LoginPageTest"/>
  <testcase name="loginTest" time="4.617" classname="com.ecommerce.qa.testcases.LoginPageTest"/>
  <testcase name="verifyProfilePageTitleTest" time="0.015" classname="com.ecommerce.qa.testcases.ProfilePageTest"/>
  <testcase name="verifyUsernameLabelTest" time="0.14" classname="com.ecommerce.qa.testcases.ProfilePageTest"/>
  <testcase name="GoToWomensCategoryTest" time="3.854" classname="com.ecommerce.qa.testcases.ProfilePageTest"/>
  <testcase name="GoToDressesCategoryTest" time="3.312" classname="com.ecommerce.qa.testcases.ProfilePageTest"/>
  <testcase name="GoToTshirtsCategory" time="3.421" classname="com.ecommerce.qa.testcases.ProfilePageTest"/>
  <testcase name="validateWomenCategoryPageTitleTest" time="1.135" classname="com.ecommerce.qa.testcases.WomenCategoryPageTest"/>
  <testcase name="validateImgTest" time="1.43" classname="com.ecommerce.qa.testcases.WomenCategoryPageTest"/>
  <testcase name="selectItemTest" time="75.445" classname="com.ecommerce.qa.testcases.WomenCategoryPageTest"/>
</testsuite> <!-- Surefire test -->
