<?xml version="1.0" encoding="UTF-8"?>
<testng-results skipped="0" failed="0" ignored="0" total="2" passed="2">
  <reporter-output>
  </reporter-output>
  <suite name="Surefire suite" duration-ms="39526" started-at="2021-11-03T12:41:20Z" finished-at="2021-11-03T12:41:59Z">
    <groups>
    </groups>
    <test name="Surefire test" duration-ms="39526" started-at="2021-11-03T12:41:20Z" finished-at="2021-11-03T12:41:59Z">
      <class name="com.ecommerce.qa.testcases.WomenCategoryPageTest">
        <test-method status="PASS" signature="setUp()[pri:0, instance:com.ecommerce.qa.testcases.WomenCategoryPageTest@42e26948]" name="setUp" is-config="true" duration-ms="26613" started-at="2021-11-03T12:41:20Z" finished-at="2021-11-03T12:41:46Z">
          <reporter-output>
          </reporter-output>
        </test-method> <!-- setUp -->
        <test-method status="PASS" signature="validateWomenCategoryPageTitleTest()[pri:0, instance:com.ecommerce.qa.testcases.WomenCategoryPageTest@42e26948]" name="validateWomenCategoryPageTitleTest" duration-ms="1103" started-at="2021-11-03T12:41:46Z" finished-at="2021-11-03T12:41:47Z">
          <reporter-output>
          </reporter-output>
        </test-method> <!-- validateWomenCategoryPageTitleTest -->
        <test-method status="PASS" signature="tearDown()[pri:0, instance:com.ecommerce.qa.testcases.WomenCategoryPageTest@42e26948]" name="tearDown" is-config="true" duration-ms="1" started-at="2021-11-03T12:41:47Z" finished-at="2021-11-03T12:41:47Z">
          <reporter-output>
          </reporter-output>
        </test-method> <!-- tearDown -->
      </class> <!-- com.ecommerce.qa.testcases.WomenCategoryPageTest -->
      <class name="com.ecommerce.qa.testcases.LoginPageTest">
        <test-method status="PASS" signature="setUp()[pri:0, instance:com.ecommerce.qa.testcases.LoginPageTest@39c0f4a]" name="setUp" is-config="true" duration-ms="10864" started-at="2021-11-03T12:41:47Z" finished-at="2021-11-03T12:41:58Z">
          <reporter-output>
          </reporter-output>
        </test-method> <!-- setUp -->
        <test-method status="PASS" signature="loginPageTitleTest()[pri:1, instance:com.ecommerce.qa.testcases.LoginPageTest@39c0f4a]" name="loginPageTitleTest" duration-ms="14" started-at="2021-11-03T12:41:58Z" finished-at="2021-11-03T12:41:58Z">
          <reporter-output>
          </reporter-output>
        </test-method> <!-- loginPageTitleTest -->
        <test-method status="PASS" signature="tearDown()[pri:0, instance:com.ecommerce.qa.testcases.LoginPageTest@39c0f4a]" name="tearDown" is-config="true" duration-ms="870" started-at="2021-11-03T12:41:58Z" finished-at="2021-11-03T12:41:59Z">
          <reporter-output>
          </reporter-output>
        </test-method> <!-- tearDown -->
      </class> <!-- com.ecommerce.qa.testcases.LoginPageTest -->
    </test> <!-- Surefire test -->
  </suite> <!-- Surefire suite -->
</testng-results>
